<?xml version="1.0" encoding="UTF-8"?>
<testsuite xmlns:xsi="http://www.w3.org/2001/XMLSchema-instance" xsi:noNamespaceSchemaLocation="https://maven.apache.org/surefire/maven-surefire-plugin/xsd/surefire-test-report.xsd" version="3.0.2" name="com.sudoku.model.CellTest" time="0.067" tests="8" errors="0" skipped="0" failures="0">
  <properties>
[...]
</properties>
  <testcase name="testCreateLockedCell" classname="com.sudoku.model.CellTest" time="0.022"/>
  <testcase name="testSetValueOnUnlockedCell" classname="com.sudoku.model.CellTest" time="0.002"/>
  <testcase name="testCannotModifyLockedCell" classname="com.sudoku.model.CellTest" time="0.001"/>
  <testcase name="testCannotClearLockedCell" classname="com.sudoku.model.CellTest" time="0.001"/>
  <testcase name="testToString" classname="com.sudoku.model.CellTest" time="0.002"/>
  <testcase name="testCreateCellWithValue" classname="com.sudoku.model.CellTest" time="0.001"/>
  <testcase name="testClearUnlockedCell" classname="com.sudoku.model.CellTest" time="0.001"/>
  <testcase name="testCreateEmptyCell" classname="com.sudoku.model.CellTest" time="0.002"/>
</testsuite>